f:\hm-16.7\build\vc2013\x64\debug\tlibdecoderanalyser\tlibdecoderanalyser.pdb
f:\hm-16.7\build\vc2013\x64\debug\tlibdecoderanalyser\tlibdecoderanalyser.idb
f:\hm-16.7\build\vc2013\x64\debug\tlibdecoderanalyser\annexbread.obj
f:\hm-16.7\build\vc2013\x64\debug\tlibdecoderanalyser\nalread.obj
f:\hm-16.7\build\vc2013\x64\debug\tlibdecoderanalyser\seiread.obj
f:\hm-16.7\build\vc2013\x64\debug\tlibdecoderanalyser\syntaxelementparser.obj
f:\hm-16.7\build\vc2013\x64\debug\tlibdecoderanalyser\tdecbincodercabac.obj
f:\hm-16.7\build\vc2013\x64\debug\tlibdecoderanalyser\tdeccavlc.obj
f:\hm-16.7\build\vc2013\x64\debug\tlibdecoderanalyser\tdeccu.obj
f:\hm-16.7\build\vc2013\x64\debug\tlibdecoderanalyser\tdecentropy.obj
f:\hm-16.7\build\vc2013\x64\debug\tlibdecoderanalyser\tdecgop.obj
f:\hm-16.7\build\vc2013\x64\debug\tlibdecoderanalyser\tdecsbac.obj
f:\hm-16.7\build\vc2013\x64\debug\tlibdecoderanalyser\tdecslice.obj
f:\hm-16.7\build\vc2013\x64\debug\tlibdecoderanalyser\tdectop.obj
f:\hm-16.7\build\vc2013\x64\debug\tlibdecoderanalyser\tlibdecoderanalyser.lib
f:\hm-16.7\build\\vc2013\x64\debug\tlibdecoderanalyser\tlibdecoderanalyser.pdb
f:\hm-16.7\build\\vc2013\x64\debug\tlibdecoderanalyser\tlibdecoderanalyser.lib
f:\hm-16.7\build\vc2013\x64\debug\tlibdecoderanalyser\tlibdeco.68c1251a.tlog\cl.command.1.tlog
f:\hm-16.7\build\vc2013\x64\debug\tlibdecoderanalyser\tlibdeco.68c1251a.tlog\cl.read.1.tlog
f:\hm-16.7\build\vc2013\x64\debug\tlibdecoderanalyser\tlibdeco.68c1251a.tlog\cl.write.1.tlog
f:\hm-16.7\build\vc2013\x64\debug\tlibdecoderanalyser\tlibdeco.68c1251a.tlog\lib-link.read.1.tlog
f:\hm-16.7\build\vc2013\x64\debug\tlibdecoderanalyser\tlibdeco.68c1251a.tlog\lib-link.write.1.tlog
f:\hm-16.7\build\vc2013\x64\debug\tlibdecoderanalyser\tlibdeco.68c1251a.tlog\lib.command.1.tlog
