c:\users\82688\desktop\hm-16.7\build\vc2013\win32\debug\tlibdecoder\tlibdecoder.pdb
c:\users\82688\desktop\hm-16.7\build\vc2013\win32\debug\tlibdecoder\tlibdecoder.idb
c:\users\82688\desktop\hm-16.7\build\vc2013\win32\debug\tlibdecoder\annexbread.obj
c:\users\82688\desktop\hm-16.7\build\vc2013\win32\debug\tlibdecoder\decryptctuswap.obj
c:\users\82688\desktop\hm-16.7\build\vc2013\win32\debug\tlibdecoder\nalread.obj
c:\users\82688\desktop\hm-16.7\build\vc2013\win32\debug\tlibdecoder\seiread.obj
c:\users\82688\desktop\hm-16.7\build\vc2013\win32\debug\tlibdecoder\syntaxelementparser.obj
c:\users\82688\desktop\hm-16.7\build\vc2013\win32\debug\tlibdecoder\tdecbincodercabac.obj
c:\users\82688\desktop\hm-16.7\build\vc2013\win32\debug\tlibdecoder\tdeccavlc.obj
c:\users\82688\desktop\hm-16.7\build\vc2013\win32\debug\tlibdecoder\tdeccu.obj
c:\users\82688\desktop\hm-16.7\build\vc2013\win32\debug\tlibdecoder\tdecentropy.obj
c:\users\82688\desktop\hm-16.7\build\vc2013\win32\debug\tlibdecoder\tdecgop.obj
c:\users\82688\desktop\hm-16.7\build\vc2013\win32\debug\tlibdecoder\tdecsbac.obj
c:\users\82688\desktop\hm-16.7\build\vc2013\win32\debug\tlibdecoder\tdecslice.obj
c:\users\82688\desktop\hm-16.7\build\vc2013\win32\debug\tlibdecoder\tdectop.obj
c:\users\82688\desktop\hm-16.7\build\vc2013\win32\debug\tlibdecoder\tlibdecoder.lib
c:\users\82688\desktop\hm-16.7\build\\vc2013\win32\debug\tlibdecoder\tlibdecoder.pdb
c:\users\82688\desktop\hm-16.7\build\\vc2013\win32\debug\tlibdecoder\tlibdecoder.lib
c:\users\82688\desktop\hm-16.7\build\vc2013\win32\debug\tlibdecoder\tlibdecoder.tlog\cl.command.1.tlog
c:\users\82688\desktop\hm-16.7\build\vc2013\win32\debug\tlibdecoder\tlibdecoder.tlog\cl.read.1.tlog
c:\users\82688\desktop\hm-16.7\build\vc2013\win32\debug\tlibdecoder\tlibdecoder.tlog\cl.write.1.tlog
c:\users\82688\desktop\hm-16.7\build\vc2013\win32\debug\tlibdecoder\tlibdecoder.tlog\lib-link.read.1.tlog
c:\users\82688\desktop\hm-16.7\build\vc2013\win32\debug\tlibdecoder\tlibdecoder.tlog\lib-link.write.1.tlog
c:\users\82688\desktop\hm-16.7\build\vc2013\win32\debug\tlibdecoder\tlibdecoder.tlog\lib.command.1.tlog
