f:\hm-16.7\build\vc2013\x64\debug\tlibdecoder\tlibdecoder.pdb
f:\hm-16.7\build\vc2013\x64\debug\tlibdecoder\tlibdecoder.idb
f:\hm-16.7\build\vc2013\x64\debug\tlibdecoder\annexbread.obj
f:\hm-16.7\build\vc2013\x64\debug\tlibdecoder\nalread.obj
f:\hm-16.7\build\vc2013\x64\debug\tlibdecoder\seiread.obj
f:\hm-16.7\build\vc2013\x64\debug\tlibdecoder\syntaxelementparser.obj
f:\hm-16.7\build\vc2013\x64\debug\tlibdecoder\tdecbincodercabac.obj
f:\hm-16.7\build\vc2013\x64\debug\tlibdecoder\tdeccavlc.obj
f:\hm-16.7\build\vc2013\x64\debug\tlibdecoder\tdeccu.obj
f:\hm-16.7\build\vc2013\x64\debug\tlibdecoder\tdecentropy.obj
f:\hm-16.7\build\vc2013\x64\debug\tlibdecoder\tdecgop.obj
f:\hm-16.7\build\vc2013\x64\debug\tlibdecoder\tdecsbac.obj
f:\hm-16.7\build\vc2013\x64\debug\tlibdecoder\tdecslice.obj
f:\hm-16.7\build\vc2013\x64\debug\tlibdecoder\tdectop.obj
f:\hm-16.7\build\vc2013\x64\debug\tlibdecoder\tlibdecoder.lib
f:\hm-16.7\build\\vc2013\x64\debug\tlibdecoder\tlibdecoder.pdb
f:\hm-16.7\build\\vc2013\x64\debug\tlibdecoder\tlibdecoder.lib
f:\hm-16.7\build\vc2013\x64\debug\tlibdecoder\tlibdecoder.tlog\cl.command.1.tlog
f:\hm-16.7\build\vc2013\x64\debug\tlibdecoder\tlibdecoder.tlog\cl.read.1.tlog
f:\hm-16.7\build\vc2013\x64\debug\tlibdecoder\tlibdecoder.tlog\cl.write.1.tlog
f:\hm-16.7\build\vc2013\x64\debug\tlibdecoder\tlibdecoder.tlog\lib-link.read.1.tlog
f:\hm-16.7\build\vc2013\x64\debug\tlibdecoder\tlibdecoder.tlog\lib-link.write.1.tlog
f:\hm-16.7\build\vc2013\x64\debug\tlibdecoder\tlibdecoder.tlog\lib.command.1.tlog
