c:\users\82688\desktop\hm-16.7\build\vc2013\win32\debug\tlibencoder\tlibencoder.pdb
c:\users\82688\desktop\hm-16.7\build\vc2013\win32\debug\tlibencoder\tlibencoder.idb
c:\users\82688\desktop\hm-16.7\build\vc2013\win32\debug\tlibencoder\seiwrite.obj
c:\users\82688\desktop\hm-16.7\build\vc2013\win32\debug\tlibencoder\swapctuwithinframe.obj
c:\users\82688\desktop\hm-16.7\build\vc2013\win32\debug\tlibencoder\swapcu.obj
c:\users\82688\desktop\hm-16.7\build\vc2013\win32\debug\tlibencoder\swapcunew.obj
c:\users\82688\desktop\hm-16.7\build\vc2013\win32\debug\tlibencoder\syntaxelementwriter.obj
c:\users\82688\desktop\hm-16.7\build\vc2013\win32\debug\tlibencoder\tencbincodercabac.obj
c:\users\82688\desktop\hm-16.7\build\vc2013\win32\debug\tlibencoder\tencbincodercabaccounter.obj
c:\users\82688\desktop\hm-16.7\build\vc2013\win32\debug\tlibencoder\tenccavlc.obj
c:\users\82688\desktop\hm-16.7\build\vc2013\win32\debug\tlibencoder\tenccu.obj
c:\users\82688\desktop\hm-16.7\build\vc2013\win32\debug\tlibencoder\tencentropy.obj
c:\users\82688\desktop\hm-16.7\build\vc2013\win32\debug\tlibencoder\tencgop.obj
c:\users\82688\desktop\hm-16.7\build\vc2013\win32\debug\tlibencoder\tencpic.obj
c:\users\82688\desktop\hm-16.7\build\vc2013\win32\debug\tlibencoder\tencpreanalyzer.obj
c:\users\82688\desktop\hm-16.7\build\vc2013\win32\debug\tlibencoder\tencratectrl.obj
c:\users\82688\desktop\hm-16.7\build\vc2013\win32\debug\tlibencoder\tencsampleadaptiveoffset.obj
c:\users\82688\desktop\hm-16.7\build\vc2013\win32\debug\tlibencoder\tencsbac.obj
c:\users\82688\desktop\hm-16.7\build\vc2013\win32\debug\tlibencoder\tencsearch.obj
c:\users\82688\desktop\hm-16.7\build\vc2013\win32\debug\tlibencoder\tencslice.obj
c:\users\82688\desktop\hm-16.7\build\vc2013\win32\debug\tlibencoder\tenctop.obj
c:\users\82688\desktop\hm-16.7\build\vc2013\win32\debug\tlibencoder\weightpredanalysis.obj
c:\users\82688\desktop\hm-16.7\build\vc2013\win32\debug\tlibencoder\nalwrite.obj
c:\users\82688\desktop\hm-16.7\build\vc2013\win32\debug\tlibencoder\seiencoder.obj
c:\users\82688\desktop\hm-16.7\build\vc2013\win32\debug\tlibencoder\tlibencoder.lib
c:\users\82688\desktop\hm-16.7\build\\vc2013\win32\debug\tlibencoder\tlibencoder.pdb
c:\users\82688\desktop\hm-16.7\build\\vc2013\win32\debug\tlibencoder\tlibencoder.lib
c:\users\82688\desktop\hm-16.7\build\vc2013\win32\debug\tlibencoder\tlibencoder.tlog\cl.command.1.tlog
c:\users\82688\desktop\hm-16.7\build\vc2013\win32\debug\tlibencoder\tlibencoder.tlog\cl.read.1.tlog
c:\users\82688\desktop\hm-16.7\build\vc2013\win32\debug\tlibencoder\tlibencoder.tlog\cl.write.1.tlog
c:\users\82688\desktop\hm-16.7\build\vc2013\win32\debug\tlibencoder\tlibencoder.tlog\lib-link.read.1.tlog
c:\users\82688\desktop\hm-16.7\build\vc2013\win32\debug\tlibencoder\tlibencoder.tlog\lib-link.write.1.tlog
c:\users\82688\desktop\hm-16.7\build\vc2013\win32\debug\tlibencoder\tlibencoder.tlog\lib.command.1.tlog
