  libmd5.c
  TComYuv.cpp
  TComWeightPrediction.cpp
  TComTU.cpp
  TComTrQuant.cpp
  TComSlice.cpp
  TComSampleAdaptiveOffset.cpp
  TComRom.cpp
  TComRdCostWeightPrediction.cpp
  TComRdCost.cpp
  TComPrediction.cpp
  TComPicYuvMD5.cpp
  TComPicYuv.cpp
  TComPicSym.cpp
  TComPic.cpp
  TComPattern.cpp
  TComMotionInfo.cpp
  TComLoopFilter.cpp
  TComInterpolationFilter.cpp
  TComDataCU.cpp
  TComChromaFormat.cpp
  正在生成代码...
  正在编译...
  TComCABACTables.cpp
  TComBitStream.cpp
  SEI.cpp
  Debug.cpp
  ContextModel3DBuffer.cpp
  ContextModel.cpp
  正在生成代码...
  TLibCommon_vc2013.vcxproj -> F:\HM-16.7\build\\vc2013\x64\Debug\TLibCommon\TLibCommon.lib
