f:\hm-16.7\build\vc2013\x64\debug\tlibcommon\tlibcommon.pdb
f:\hm-16.7\build\vc2013\x64\debug\tlibcommon\tlibcommon.idb
f:\hm-16.7\build\vc2013\x64\debug\tlibcommon\libmd5.obj
f:\hm-16.7\build\vc2013\x64\debug\tlibcommon\tcomchromaformat.obj
f:\hm-16.7\build\vc2013\x64\debug\tlibcommon\tcomdatacu.obj
f:\hm-16.7\build\vc2013\x64\debug\tlibcommon\tcominterpolationfilter.obj
f:\hm-16.7\build\vc2013\x64\debug\tlibcommon\tcomloopfilter.obj
f:\hm-16.7\build\vc2013\x64\debug\tlibcommon\tcommotioninfo.obj
f:\hm-16.7\build\vc2013\x64\debug\tlibcommon\tcompattern.obj
f:\hm-16.7\build\vc2013\x64\debug\tlibcommon\tcompic.obj
f:\hm-16.7\build\vc2013\x64\debug\tlibcommon\tcompicsym.obj
f:\hm-16.7\build\vc2013\x64\debug\tlibcommon\tcompicyuv.obj
f:\hm-16.7\build\vc2013\x64\debug\tlibcommon\tcompicyuvmd5.obj
f:\hm-16.7\build\vc2013\x64\debug\tlibcommon\tcomprediction.obj
f:\hm-16.7\build\vc2013\x64\debug\tlibcommon\tcomrdcost.obj
f:\hm-16.7\build\vc2013\x64\debug\tlibcommon\tcomrdcostweightprediction.obj
f:\hm-16.7\build\vc2013\x64\debug\tlibcommon\tcomrom.obj
f:\hm-16.7\build\vc2013\x64\debug\tlibcommon\tcomsampleadaptiveoffset.obj
f:\hm-16.7\build\vc2013\x64\debug\tlibcommon\tcomslice.obj
f:\hm-16.7\build\vc2013\x64\debug\tlibcommon\tcomtrquant.obj
f:\hm-16.7\build\vc2013\x64\debug\tlibcommon\tcomtu.obj
f:\hm-16.7\build\vc2013\x64\debug\tlibcommon\tcomweightprediction.obj
f:\hm-16.7\build\vc2013\x64\debug\tlibcommon\tcomyuv.obj
f:\hm-16.7\build\vc2013\x64\debug\tlibcommon\contextmodel.obj
f:\hm-16.7\build\vc2013\x64\debug\tlibcommon\contextmodel3dbuffer.obj
f:\hm-16.7\build\vc2013\x64\debug\tlibcommon\debug.obj
f:\hm-16.7\build\vc2013\x64\debug\tlibcommon\sei.obj
f:\hm-16.7\build\vc2013\x64\debug\tlibcommon\tcombitstream.obj
f:\hm-16.7\build\vc2013\x64\debug\tlibcommon\tcomcabactables.obj
f:\hm-16.7\build\vc2013\x64\debug\tlibcommon\tlibcommon.lib
f:\hm-16.7\build\\vc2013\x64\debug\tlibcommon\tlibcommon.pdb
f:\hm-16.7\build\\vc2013\x64\debug\tlibcommon\tlibcommon.lib
f:\hm-16.7\build\vc2013\x64\debug\tlibcommon\tlibcommon.tlog\cl.command.1.tlog
f:\hm-16.7\build\vc2013\x64\debug\tlibcommon\tlibcommon.tlog\cl.read.1.tlog
f:\hm-16.7\build\vc2013\x64\debug\tlibcommon\tlibcommon.tlog\cl.write.1.tlog
f:\hm-16.7\build\vc2013\x64\debug\tlibcommon\tlibcommon.tlog\lib-link.read.1.tlog
f:\hm-16.7\build\vc2013\x64\debug\tlibcommon\tlibcommon.tlog\lib-link.write.1.tlog
f:\hm-16.7\build\vc2013\x64\debug\tlibcommon\tlibcommon.tlog\lib.command.1.tlog
