c:\users\82688\desktop\hm-16.7\build\vc2013\win32\debug\tlibdecoderanalyser\tlibdecoderanalyser.pdb
c:\users\82688\desktop\hm-16.7\build\vc2013\win32\debug\tlibdecoderanalyser\tlibdecoderanalyser.idb
c:\users\82688\desktop\hm-16.7\build\vc2013\win32\debug\tlibdecoderanalyser\annexbread.obj
c:\users\82688\desktop\hm-16.7\build\vc2013\win32\debug\tlibdecoderanalyser\nalread.obj
c:\users\82688\desktop\hm-16.7\build\vc2013\win32\debug\tlibdecoderanalyser\seiread.obj
c:\users\82688\desktop\hm-16.7\build\vc2013\win32\debug\tlibdecoderanalyser\syntaxelementparser.obj
c:\users\82688\desktop\hm-16.7\build\vc2013\win32\debug\tlibdecoderanalyser\tdecbincodercabac.obj
c:\users\82688\desktop\hm-16.7\build\vc2013\win32\debug\tlibdecoderanalyser\tdeccavlc.obj
c:\users\82688\desktop\hm-16.7\build\vc2013\win32\debug\tlibdecoderanalyser\tdeccu.obj
c:\users\82688\desktop\hm-16.7\build\vc2013\win32\debug\tlibdecoderanalyser\tdecentropy.obj
c:\users\82688\desktop\hm-16.7\build\vc2013\win32\debug\tlibdecoderanalyser\tdecgop.obj
c:\users\82688\desktop\hm-16.7\build\vc2013\win32\debug\tlibdecoderanalyser\tdecsbac.obj
c:\users\82688\desktop\hm-16.7\build\vc2013\win32\debug\tlibdecoderanalyser\tdecslice.obj
c:\users\82688\desktop\hm-16.7\build\vc2013\win32\debug\tlibdecoderanalyser\tdectop.obj
c:\users\82688\desktop\hm-16.7\build\vc2013\win32\debug\tlibdecoderanalyser\tlibdecoderanalyser.lib
c:\users\82688\desktop\hm-16.7\build\\vc2013\win32\debug\tlibdecoderanalyser\tlibdecoderanalyser.pdb
c:\users\82688\desktop\hm-16.7\build\\vc2013\win32\debug\tlibdecoderanalyser\tlibdecoderanalyser.lib
c:\users\82688\desktop\hm-16.7\build\vc2013\win32\debug\tlibdecoderanalyser\tlibdeco.68c1251a.tlog\cl.command.1.tlog
c:\users\82688\desktop\hm-16.7\build\vc2013\win32\debug\tlibdecoderanalyser\tlibdeco.68c1251a.tlog\cl.read.1.tlog
c:\users\82688\desktop\hm-16.7\build\vc2013\win32\debug\tlibdecoderanalyser\tlibdeco.68c1251a.tlog\cl.write.1.tlog
c:\users\82688\desktop\hm-16.7\build\vc2013\win32\debug\tlibdecoderanalyser\tlibdeco.68c1251a.tlog\lib-link.read.1.tlog
c:\users\82688\desktop\hm-16.7\build\vc2013\win32\debug\tlibdecoderanalyser\tlibdeco.68c1251a.tlog\lib-link.write.1.tlog
c:\users\82688\desktop\hm-16.7\build\vc2013\win32\debug\tlibdecoderanalyser\tlibdeco.68c1251a.tlog\lib.command.1.tlog
