f:\hm-16.7\build\vc2013\win32\release\tlibencoder\tlibencoder.pdb
f:\hm-16.7\build\vc2013\win32\release\tlibencoder\weightpredanalysis.obj
f:\hm-16.7\build\vc2013\win32\release\tlibencoder\tenctop.obj
f:\hm-16.7\build\vc2013\win32\release\tlibencoder\tencslice.obj
f:\hm-16.7\build\vc2013\win32\release\tlibencoder\tencsearch.obj
f:\hm-16.7\build\vc2013\win32\release\tlibencoder\tencsbac.obj
f:\hm-16.7\build\vc2013\win32\release\tlibencoder\tencsampleadaptiveoffset.obj
f:\hm-16.7\build\vc2013\win32\release\tlibencoder\tencratectrl.obj
f:\hm-16.7\build\vc2013\win32\release\tlibencoder\tencpreanalyzer.obj
f:\hm-16.7\build\vc2013\win32\release\tlibencoder\tencpic.obj
f:\hm-16.7\build\vc2013\win32\release\tlibencoder\tencgop.obj
f:\hm-16.7\build\vc2013\win32\release\tlibencoder\tencentropy.obj
f:\hm-16.7\build\vc2013\win32\release\tlibencoder\tenccu.obj
f:\hm-16.7\build\vc2013\win32\release\tlibencoder\tenccavlc.obj
f:\hm-16.7\build\vc2013\win32\release\tlibencoder\tencbincodercabaccounter.obj
f:\hm-16.7\build\vc2013\win32\release\tlibencoder\tencbincodercabac.obj
f:\hm-16.7\build\vc2013\win32\release\tlibencoder\syntaxelementwriter.obj
f:\hm-16.7\build\vc2013\win32\release\tlibencoder\seiwrite.obj
f:\hm-16.7\build\vc2013\win32\release\tlibencoder\seiencoder.obj
f:\hm-16.7\build\vc2013\win32\release\tlibencoder\nalwrite.obj
f:\hm-16.7\build\vc2013\win32\release\tlibencoder\tlibencoder.lib
f:\hm-16.7\build\\vc2013\win32\release\tlibencoder\tlibencoder.pdb
f:\hm-16.7\build\\vc2013\win32\release\tlibencoder\tlibencoder.lib
f:\hm-16.7\build\vc2013\win32\release\tlibencoder\tlibencoder.tlog\cl.command.1.tlog
f:\hm-16.7\build\vc2013\win32\release\tlibencoder\tlibencoder.tlog\cl.read.1.tlog
f:\hm-16.7\build\vc2013\win32\release\tlibencoder\tlibencoder.tlog\cl.write.1.tlog
f:\hm-16.7\build\vc2013\win32\release\tlibencoder\tlibencoder.tlog\lib-link.read.1.tlog
f:\hm-16.7\build\vc2013\win32\release\tlibencoder\tlibencoder.tlog\lib-link.write.1.tlog
f:\hm-16.7\build\vc2013\win32\release\tlibencoder\tlibencoder.tlog\lib.command.1.tlog
