f:\hm-16.7\build\vc2013\win32\release\tlibdecoder\tlibdecoder.pdb
f:\hm-16.7\build\vc2013\win32\release\tlibdecoder\tdectop.obj
f:\hm-16.7\build\vc2013\win32\release\tlibdecoder\tdecslice.obj
f:\hm-16.7\build\vc2013\win32\release\tlibdecoder\tdecsbac.obj
f:\hm-16.7\build\vc2013\win32\release\tlibdecoder\tdecgop.obj
f:\hm-16.7\build\vc2013\win32\release\tlibdecoder\tdecentropy.obj
f:\hm-16.7\build\vc2013\win32\release\tlibdecoder\tdeccu.obj
f:\hm-16.7\build\vc2013\win32\release\tlibdecoder\tdeccavlc.obj
f:\hm-16.7\build\vc2013\win32\release\tlibdecoder\tdecbincodercabac.obj
f:\hm-16.7\build\vc2013\win32\release\tlibdecoder\syntaxelementparser.obj
f:\hm-16.7\build\vc2013\win32\release\tlibdecoder\seiread.obj
f:\hm-16.7\build\vc2013\win32\release\tlibdecoder\nalread.obj
f:\hm-16.7\build\vc2013\win32\release\tlibdecoder\annexbread.obj
f:\hm-16.7\build\vc2013\win32\release\tlibdecoder\tlibdecoder.lib
f:\hm-16.7\build\\vc2013\win32\release\tlibdecoder\tlibdecoder.pdb
f:\hm-16.7\build\\vc2013\win32\release\tlibdecoder\tlibdecoder.lib
f:\hm-16.7\build\vc2013\win32\release\tlibdecoder\tlibdecoder.tlog\cl.command.1.tlog
f:\hm-16.7\build\vc2013\win32\release\tlibdecoder\tlibdecoder.tlog\cl.read.1.tlog
f:\hm-16.7\build\vc2013\win32\release\tlibdecoder\tlibdecoder.tlog\cl.write.1.tlog
f:\hm-16.7\build\vc2013\win32\release\tlibdecoder\tlibdecoder.tlog\lib-link.read.1.tlog
f:\hm-16.7\build\vc2013\win32\release\tlibdecoder\tlibdecoder.tlog\lib-link.write.1.tlog
f:\hm-16.7\build\vc2013\win32\release\tlibdecoder\tlibdecoder.tlog\lib.command.1.tlog
