f:\hm-16.7\build\vc2013\win32\release\tlibdecoderanalyser\tlibdecoderanalyser.pdb
f:\hm-16.7\build\vc2013\win32\release\tlibdecoderanalyser\tdectop.obj
f:\hm-16.7\build\vc2013\win32\release\tlibdecoderanalyser\tdecslice.obj
f:\hm-16.7\build\vc2013\win32\release\tlibdecoderanalyser\tdecsbac.obj
f:\hm-16.7\build\vc2013\win32\release\tlibdecoderanalyser\tdecgop.obj
f:\hm-16.7\build\vc2013\win32\release\tlibdecoderanalyser\tdecentropy.obj
f:\hm-16.7\build\vc2013\win32\release\tlibdecoderanalyser\tdeccu.obj
f:\hm-16.7\build\vc2013\win32\release\tlibdecoderanalyser\tdeccavlc.obj
f:\hm-16.7\build\vc2013\win32\release\tlibdecoderanalyser\tdecbincodercabac.obj
f:\hm-16.7\build\vc2013\win32\release\tlibdecoderanalyser\syntaxelementparser.obj
f:\hm-16.7\build\vc2013\win32\release\tlibdecoderanalyser\seiread.obj
f:\hm-16.7\build\vc2013\win32\release\tlibdecoderanalyser\nalread.obj
f:\hm-16.7\build\vc2013\win32\release\tlibdecoderanalyser\annexbread.obj
f:\hm-16.7\build\vc2013\win32\release\tlibdecoderanalyser\tlibdecoderanalyser.lib
f:\hm-16.7\build\\vc2013\win32\release\tlibdecoderanalyser\tlibdecoderanalyser.pdb
f:\hm-16.7\build\\vc2013\win32\release\tlibdecoderanalyser\tlibdecoderanalyser.lib
f:\hm-16.7\build\vc2013\win32\release\tlibdecoderanalyser\tlibdeco.68c1251a.tlog\cl.command.1.tlog
f:\hm-16.7\build\vc2013\win32\release\tlibdecoderanalyser\tlibdeco.68c1251a.tlog\cl.read.1.tlog
f:\hm-16.7\build\vc2013\win32\release\tlibdecoderanalyser\tlibdeco.68c1251a.tlog\cl.write.1.tlog
f:\hm-16.7\build\vc2013\win32\release\tlibdecoderanalyser\tlibdeco.68c1251a.tlog\lib-link.read.1.tlog
f:\hm-16.7\build\vc2013\win32\release\tlibdecoderanalyser\tlibdeco.68c1251a.tlog\lib-link.write.1.tlog
f:\hm-16.7\build\vc2013\win32\release\tlibdecoderanalyser\tlibdeco.68c1251a.tlog\lib.command.1.tlog
